<?xml version="1.0" encoding="UTF-8"?>
<!-- Generated by org.testng.reporters.JUnitXMLReporter -->
<testsuite ignored="0" hostname="DESKTOP-VI0RFGV" failures="2" tests="2" name="Test" time="23.884" errors="0" timestamp="2022-12-19T00:24:35 IST">
  <testcase classname="testcases.loginPagetestcases" name="browserlaunch" time="7.223">
    <failure type="java.lang.AssertionError" message="The following asserts failed:
	expected [Please check your  and password. If you still can&amp;apos;t log in, contact your Salesforce administrator.] but found [Please check your username and password. If you still can&amp;apos;t log in, contact your Salesforce administrator.]">
      <![CDATA[java.lang.AssertionError: The following asserts failed:
expected [Please check your  and password. If you still can't log in, contact your Salesforce administrator.] but found [Please check your username and password. If you still can't log in, contact your Salesforce administrator.]
at testcases.loginPagetestcases.browserlaunch(loginPagetestcases.java:30)
at java.base/java.util.ArrayList.forEach(ArrayList.java:1511)
... Removed 29 stack frames]]>
    </failure>
  </testcase> <!-- browserlaunch -->
  <testcase classname="testcases.signuptestcases" name="verifysignup" time="0.874">
    <failure type="java.lang.NullPointerException" message="Cannot invoke &amp;quot;org.openqa.selenium.WebDriver.findElement(org.openqa.selenium.By)&amp;quot; because &amp;quot;this.driver&amp;quot; is null">
      <![CDATA[java.lang.NullPointerException: Cannot invoke "org.openqa.selenium.WebDriver.findElement(org.openqa.selenium.By)" because "this.driver" is null
at PageObjectModel.signuppageobjects.enterfirstname(signuppageobjects.java:21)
at testcases.signuptestcases.verifysignup(signuptestcases.java:26)
at java.base/java.util.ArrayList.forEach(ArrayList.java:1511)
... Removed 27 stack frames]]>
    </failure>
  </testcase> <!-- verifysignup -->
</testsuite> <!-- Test -->
